{"total": {"lines":{"total":211,"covered":211,"skipped":0,"pct":100},"statements":{"total":232,"covered":227,"skipped":0,"pct":97.84},"functions":{"total":76,"covered":72,"skipped":0,"pct":94.73},"branches":{"total":96,"covered":89,"skipped":0,"pct":92.7},"branchesTrue":{"total":0,"covered":0,"skipped":0,"pct":100}}
,"/Users/saulhernandez/AndroidStudioProjects/Android-studio/Ingenieria-de-software/tupastilla-api/src/app.ts": {"lines":{"total":33,"covered":33,"skipped":0,"pct":100},"functions":{"total":8,"covered":6,"skipped":0,"pct":75},"statements":{"total":35,"covered":33,"skipped":0,"pct":94.28},"branches":{"total":16,"covered":12,"skipped":0,"pct":75}}
,"/Users/saulhernandez/AndroidStudioProjects/Android-studio/Ingenieria-de-software/tupastilla-api/src/config.ts": {"lines":{"total":10,"covered":10,"skipped":0,"pct":100},"functions":{"total":5,"covered":5,"skipped":0,"pct":100},"statements":{"total":11,"covered":11,"skipped":0,"pct":100},"branches":{"total":5,"covered":5,"skipped":0,"pct":100}}
,"/Users/saulhernandez/AndroidStudioProjects/Android-studio/Ingenieria-de-software/tupastilla-api/src/domain.ts": {"lines":{"total":4,"covered":4,"skipped":0,"pct":100},"functions":{"total":1,"covered":1,"skipped":0,"pct":100},"statements":{"total":4,"covered":4,"skipped":0,"pct":100},"branches":{"total":0,"covered":0,"skipped":0,"pct":100}}
,"/Users/saulhernandez/AndroidStudioProjects/Android-studio/Ingenieria-de-software/tupastilla-api/src/errors.ts": {"lines":{"total":13,"covered":13,"skipped":0,"pct":100},"functions":{"total":5,"covered":5,"skipped":0,"pct":100},"statements":{"total":13,"covered":13,"skipped":0,"pct":100},"branches":{"total":2,"covered":2,"skipped":0,"pct":100}}
,"/Users/saulhernandez/AndroidStudioProjects/Android-studio/Ingenieria-de-software/tupastilla-api/src/validation.ts": {"lines":{"total":16,"covered":16,"skipped":0,"pct":100},"functions":{"total":5,"covered":5,"skipped":0,"pct":100},"statements":{"total":17,"covered":17,"skipped":0,"pct":100},"branches":{"total":2,"covered":2,"skipped":0,"pct":100}}
,"/Users/saulhernandez/AndroidStudioProjects/Android-studio/Ingenieria-de-software/tupastilla-api/src/auth/authService.ts": {"lines":{"total":43,"covered":43,"skipped":0,"pct":100},"functions":{"total":10,"covered":10,"skipped":0,"pct":100},"statements":{"total":48,"covered":48,"skipped":0,"pct":100},"branches":{"total":30,"covered":30,"skipped":0,"pct":100}}
,"/Users/saulhernandez/AndroidStudioProjects/Android-studio/Ingenieria-de-software/tupastilla-api/src/auth/middleware.ts": {"lines":{"total":13,"covered":13,"skipped":0,"pct":100},"functions":{"total":4,"covered":4,"skipped":0,"pct":100},"statements":{"total":13,"covered":13,"skipped":0,"pct":100},"branches":{"total":8,"covered":8,"skipped":0,"pct":100}}
,"/Users/saulhernandez/AndroidStudioProjects/Android-studio/Ingenieria-de-software/tupastilla-api/src/auth/password.ts": {"lines":{"total":3,"covered":3,"skipped":0,"pct":100},"functions":{"total":3,"covered":3,"skipped":0,"pct":100},"statements":{"total":3,"covered":3,"skipped":0,"pct":100},"branches":{"total":0,"covered":0,"skipped":0,"pct":100}}
,"/Users/saulhernandez/AndroidStudioProjects/Android-studio/Ingenieria-de-software/tupastilla-api/src/auth/routes.ts": {"lines":{"total":11,"covered":11,"skipped":0,"pct":100},"functions":{"total":5,"covered":5,"skipped":0,"pct":100},"statements":{"total":11,"covered":11,"skipped":0,"pct":100},"branches":{"total":0,"covered":0,"skipped":0,"pct":100}}
,"/Users/saulhernandez/AndroidStudioProjects/Android-studio/Ingenieria-de-software/tupastilla-api/src/auth/tokens.ts": {"lines":{"total":18,"covered":18,"skipped":0,"pct":100},"functions":{"total":8,"covered":7,"skipped":0,"pct":87.5},"statements":{"total":21,"covered":19,"skipped":0,"pct":90.47},"branches":{"total":9,"covered":7,"skipped":0,"pct":77.77}}
,"/Users/saulhernandez/AndroidStudioProjects/Android-studio/Ingenieria-de-software/tupastilla-api/src/repositories/memory.ts": {"lines":{"total":26,"covered":26,"skipped":0,"pct":100},"functions":{"total":16,"covered":16,"skipped":0,"pct":100},"statements":{"total":32,"covered":32,"skipped":0,"pct":100},"branches":{"total":16,"covered":16,"skipped":0,"pct":100}}
,"/Users/saulhernandez/AndroidStudioProjects/Android-studio/Ingenieria-de-software/tupastilla-api/src/users/routes.ts": {"lines":{"total":21,"covered":21,"skipped":0,"pct":100},"functions":{"total":6,"covered":5,"skipped":0,"pct":83.33},"statements":{"total":24,"covered":23,"skipped":0,"pct":95.83},"branches":{"total":8,"covered":7,"skipped":0,"pct":87.5}}
}
