TN:
SF:src/app.ts
FN:27,createApp
FN:29,(anonymous_1)
FN:56,(anonymous_2)
FN:65,(anonymous_3)
FN:80,(anonymous_4)
FN:84,(anonymous_5)
FN:97,errorHandler
FN:98,(anonymous_7)
FNF:8
FNH:6
FNDA:40,createApp
FNDA:0,(anonymous_1)
FNDA:75,(anonymous_2)
FNDA:6,(anonymous_3)
FNDA:2,(anonymous_4)
FNDA:0,(anonymous_5)
FNDA:40,errorHandler
FNDA:31,(anonymous_7)
DA:28,40
DA:29,40
DA:30,40
DA:40,40
DA:50,40
DA:51,40
DA:54,40
DA:55,40
DA:56,40
DA:57,75
DA:58,75
DA:61,40
DA:63,40
DA:65,40
DA:66,6
DA:69,40
DA:77,40
DA:78,40
DA:80,40
DA:81,2
DA:84,40
DA:85,40
DA:88,2
DA:98,40
DA:99,31
DA:100,27
DA:103,27
DA:105,4
DA:106,31
DA:107,3
DA:108,3
DA:110,1
DA:111,1
LF:33
LH:33
BRDA:29,0,0,40
BRDA:29,0,1,0
BRDA:43,1,0,40
BRDA:43,1,1,0
BRDA:54,2,0,0
BRDA:54,2,1,40
BRDA:61,3,0,1
BRDA:61,3,1,39
BRDA:84,4,0,40
BRDA:84,4,1,0
BRDA:99,5,0,27
BRDA:99,5,1,4
BRDA:105,6,0,4
BRDA:105,6,1,1
BRDA:106,7,0,3
BRDA:106,7,1,28
BRF:16
BRH:12
end_of_record
TN:
SF:src/config.ts
FN:6,(anonymous_0)
FN:20,(anonymous_1)
FN:20,(anonymous_2)
FN:34,loadConfig
FN:38,(anonymous_4)
FNF:5
FNH:5
FNDA:50,(anonymous_0)
FNDA:50,(anonymous_1)
FNDA:53,(anonymous_2)
FNDA:50,loadConfig
FNDA:6,(anonymous_4)
DA:3,3
DA:6,50
DA:8,3
DA:20,53
DA:35,50
DA:36,50
DA:37,6
DA:38,6
DA:40,6
DA:42,44
LF:10
LH:10
BRDA:6,0,0,50
BRDA:6,0,1,49
BRDA:34,1,0,50
BRDA:36,2,0,6
BRDA:36,2,1,44
BRF:5
BRH:5
end_of_record
TN:
SF:src/domain.ts
FN:67,toPublicUser
FNF:1
FNH:1
FNDA:44,toPublicUser
DA:1,3
DA:4,3
DA:12,3
DA:68,44
LF:4
LH:4
BRF:0
BRH:0
end_of_record
TN:
SF:src/errors.ts
FN:2,constructor
FN:13,(anonymous_1)
FN:16,(anonymous_2)
FN:19,(anonymous_3)
FN:22,(anonymous_4)
FNF:5
FNH:5
FNDA:63,constructor
FNDA:26,(anonymous_1)
FNDA:15,(anonymous_2)
FNDA:2,(anonymous_3)
FNDA:2,(anonymous_4)
DA:3,63
DA:4,63
DA:6,63
DA:8,63
DA:9,63
DA:13,3
DA:14,26
DA:16,3
DA:17,15
DA:19,3
DA:20,2
DA:22,3
DA:23,2
LF:13
LH:13
BRDA:13,0,0,26
BRDA:22,1,0,2
BRF:2
BRH:2
end_of_record
TN:
SF:src/validation.ts
FN:13,(anonymous_0)
FN:14,(anonymous_1)
FN:15,(anonymous_2)
FN:40,parse
FN:43,(anonymous_4)
FNF:5
FNH:5
FNDA:30,(anonymous_0)
FNDA:30,(anonymous_1)
FNDA:30,(anonymous_2)
FNDA:62,parse
FNDA:16,(anonymous_4)
DA:6,3
DA:8,3
DA:10,3
DA:13,30
DA:14,30
DA:15,30
DA:18,3
DA:25,3
DA:30,3
DA:34,3
DA:38,3
DA:41,62
DA:42,62
DA:43,16
DA:47,16
DA:49,46
LF:16
LH:16
BRDA:42,0,0,16
BRDA:42,0,1,46
BRF:2
BRH:2
end_of_record
TN:
SF:src/auth/authService.ts
FN:47,constructor
FN:48,(anonymous_1)
FN:51,register
FN:69,login
FN:91,refresh
FN:106,logout
FN:113,isLocked
FN:121,registerFailure
FN:135,getDummyHash
FN:140,issueSession
FNF:10
FNH:10
FNDA:54,constructor
FNDA:1,(anonymous_1)
FNDA:30,register
FNDA:24,login
FNDA:10,refresh
FNDA:5,logout
FNDA:18,isLocked
FNDA:8,registerFailure
FNDA:6,getDummyHash
FNDA:40,issueSession
DA:47,54
DA:48,54
DA:52,30
DA:53,1
DA:55,29
DA:61,29
DA:70,24
DA:71,24
DA:72,6
DA:73,6
DA:75,18
DA:76,18
DA:77,17
DA:78,8
DA:79,8
DA:81,9
DA:82,1
DA:84,9
DA:92,10
DA:93,10
DA:94,9
DA:95,9
DA:96,5
DA:97,5
DA:99,4
DA:100,3
DA:101,3
DA:102,3
DA:103,2
DA:107,5
DA:108,5
DA:109,3
DA:114,18
DA:122,8
DA:123,8
DA:124,2
DA:125,2
DA:127,6
DA:136,6
DA:137,6
DA:141,40
DA:142,40
DA:147,40
LF:43
LH:43
BRDA:48,0,0,54
BRDA:48,0,1,1
BRDA:52,1,0,1
BRDA:52,1,1,29
BRDA:71,2,0,6
BRDA:71,2,1,18
BRDA:76,3,0,1
BRDA:76,3,1,17
BRDA:77,4,0,8
BRDA:77,4,1,9
BRDA:81,5,0,1
BRDA:81,5,1,8
BRDA:81,6,0,9
BRDA:81,6,1,9
BRDA:93,7,0,1
BRDA:93,7,1,9
BRDA:95,8,0,5
BRDA:95,8,1,4
BRDA:99,9,0,1
BRDA:99,9,1,3
BRDA:102,10,0,1
BRDA:102,10,1,2
BRDA:108,11,0,3
BRDA:108,11,1,2
BRDA:108,12,0,5
BRDA:108,12,1,4
BRDA:114,13,0,18
BRDA:114,13,1,2
BRDA:123,14,0,2
BRDA:123,14,1,6
BRF:30
BRH:30
end_of_record
TN:
SF:src/auth/middleware.ts
FN:19,requireAuth
FN:20,(anonymous_1)
FN:32,requireRole
FN:33,(anonymous_3)
FNF:4
FNH:4
FNDA:40,requireAuth
FNDA:21,(anonymous_1)
FNDA:81,requireRole
FNDA:9,(anonymous_3)
DA:16,3
DA:20,40
DA:21,21
DA:22,21
DA:23,4
DA:24,4
DA:26,17
DA:27,17
DA:33,81
DA:34,9
DA:35,1
DA:36,1
DA:38,8
LF:13
LH:13
BRDA:21,0,0,21
BRDA:21,0,1,2
BRDA:22,1,0,4
BRDA:22,1,1,17
BRDA:34,2,0,1
BRDA:34,2,1,8
BRDA:38,3,0,6
BRDA:38,3,1,2
BRF:8
BRH:8
end_of_record
TN:
SF:src/auth/password.ts
FN:8,bcryptHasher
FN:10,(anonymous_1)
FN:11,(anonymous_2)
FNF:3
FNH:3
FNDA:1,bcryptHasher
FNDA:1,(anonymous_1)
FNDA:2,(anonymous_2)
DA:9,1
DA:10,1
DA:11,2
LF:3
LH:3
BRF:0
BRH:0
end_of_record
TN:
SF:src/auth/routes.ts
FN:5,authRoutes
FN:8,(anonymous_1)
FN:12,(anonymous_2)
FN:16,(anonymous_3)
FN:20,(anonymous_4)
FNF:5
FNH:5
FNDA:40,authRoutes
FNDA:23,(anonymous_1)
FNDA:15,(anonymous_2)
FNDA:3,(anonymous_3)
FNDA:1,(anonymous_4)
DA:6,40
DA:8,40
DA:9,23
DA:12,40
DA:13,15
DA:16,40
DA:17,3
DA:20,40
DA:21,1
DA:22,1
DA:25,40
LF:11
LH:11
BRF:0
BRH:0
end_of_record
TN:
SF:src/auth/tokens.ts
FN:33,hashRefreshToken
FN:42,constructor
FN:44,(anonymous_2)
FN:47,accessTtlSeconds
FN:51,signAccess
FN:63,verifyAccess
FN:81,newRefreshToken
FN:92,parseClaims
FNF:8
FNH:7
FNDA:62,hashRefreshToken
FNDA:57,constructor
FNDA:0,(anonymous_2)
FNDA:40,accessTtlSeconds
FNDA:43,signAccess
FNDA:28,verifyAccess
FNDA:42,newRefreshToken
FNDA:17,parseClaims
DA:26,2
DA:27,2
DA:34,62
DA:43,57
DA:44,57
DA:48,40
DA:52,43
DA:65,28
DA:66,28
DA:72,11
DA:74,17
DA:82,42
DA:83,42
DA:93,17
DA:94,17
DA:96,17
DA:100,17
DA:101,15
LF:18
LH:18
BRDA:44,0,0,0
BRDA:93,1,0,0
BRDA:93,1,1,17
BRDA:96,2,0,17
BRDA:96,2,1,16
BRDA:96,2,2,16
BRDA:96,2,3,16
BRDA:100,3,0,2
BRDA:100,3,1,15
BRF:9
BRH:7
end_of_record
TN:
SF:src/repositories/memory.ts
FN:10,memoryUserRepository
FN:10,(anonymous_1)
FN:13,(anonymous_2)
FN:13,(anonymous_3)
FN:14,(anonymous_4)
FN:15,(anonymous_5)
FN:20,(anonymous_6)
FN:27,(anonymous_7)
FN:27,(anonymous_8)
FN:31,memoryRefreshTokenRepository
FN:31,(anonymous_10)
FN:34,(anonymous_11)
FN:39,(anonymous_12)
FN:40,(anonymous_13)
FN:43,(anonymous_14)
FN:47,(anonymous_15)
FNF:16
FNH:16
FNDA:55,memoryUserRepository
FNDA:2,(anonymous_1)
FNDA:57,(anonymous_2)
FNDA:27,(anonymous_3)
FNDA:12,(anonymous_4)
FNDA:31,(anonymous_5)
FNDA:18,(anonymous_6)
FNDA:2,(anonymous_7)
FNDA:3,(anonymous_8)
FNDA:54,memoryRefreshTokenRepository
FNDA:3,(anonymous_10)
FNDA:44,(anonymous_11)
FNDA:21,(anonymous_12)
FNDA:28,(anonymous_13)
FNDA:8,(anonymous_14)
FNDA:7,(anonymous_15)
DA:10,2
DA:11,55
DA:12,55
DA:13,57
DA:14,12
DA:16,31
DA:17,31
DA:18,31
DA:21,18
DA:22,18
DA:23,17
DA:24,17
DA:25,17
DA:27,3
DA:31,3
DA:32,54
DA:33,54
DA:35,44
DA:36,44
DA:37,44
DA:40,28
DA:41,21
DA:44,8
DA:45,8
DA:48,7
DA:49,16
LF:26
LH:26
BRDA:10,0,0,2
BRDA:13,1,0,57
BRDA:13,1,1,36
BRDA:14,2,0,12
BRDA:14,2,1,4
BRDA:22,3,0,1
BRDA:22,3,1,17
BRDA:31,4,0,3
BRDA:41,5,0,18
BRDA:41,5,1,3
BRDA:45,6,0,7
BRDA:45,6,1,1
BRDA:49,7,0,3
BRDA:49,7,1,13
BRDA:49,8,0,16
BRDA:49,8,1,11
BRF:16
BRH:16
end_of_record
TN:
SF:src/users/routes.ts
FN:20,userRoutes
FN:22,(anonymous_1)
FN:25,(anonymous_2)
FN:31,(anonymous_3)
FN:35,(anonymous_4)
FN:41,(anonymous_5)
FNF:6
FNH:5
FNDA:40,userRoutes
FNDA:0,(anonymous_1)
FNDA:3,(anonymous_2)
FNDA:3,(anonymous_3)
FNDA:1,(anonymous_4)
FNDA:5,(anonymous_5)
DA:21,40
DA:22,40
DA:23,40
DA:25,40
DA:26,3
DA:27,2
DA:28,1
DA:31,40
DA:32,3
DA:35,40
DA:36,1
DA:41,40
DA:42,5
DA:43,5
DA:44,5
DA:45,1
DA:47,2
DA:48,1
DA:49,1
DA:50,1
DA:53,40
LF:21
LH:21
BRDA:22,0,0,40
BRDA:22,0,1,0
BRDA:27,1,0,1
BRDA:27,1,1,1
BRDA:44,2,0,1
BRDA:44,2,1,4
BRDA:47,3,0,1
BRDA:47,3,1,1
BRF:8
BRH:7
end_of_record
